<?xml version="1.0" encoding="UTF-8"?>
<!-- Generated by org.testng.reporters.JUnitReportReporter -->
<testsuite hostname="hp-PC" name="com.crm.qa.testcases.HomePageTest" tests="4" failures="0" timestamp="30 Nov 2019 18:10:26 GMT" time="10.196" errors="0">
  <testcase name="verifySettingTab" time="4.730" classname="com.crm.qa.testcases.HomePageTest"/>
  <testcase name="verifyHomePageTitleTest" time="0.013" classname="com.crm.qa.testcases.HomePageTest"/>
  <testcase name="verifyContactLinkTest" time="2.545" classname="com.crm.qa.testcases.HomePageTest"/>
  <testcase name="validateUserNameOnHomePage" time="2.908" classname="com.crm.qa.testcases.HomePageTest"/>
</testsuite>
