<?xml version="1.0" encoding="UTF-8"?>
<!-- Generated by org.testng.reporters.JUnitReportReporter -->
<testsuite hostname="hp-PC" name="com.crm.qa.testcases.LoginPageTest" tests="4" failures="0" timestamp="13 Jul 2019 08:59:25 GMT" time="37.967" errors="0">
  <testcase name="modelPopupTest" time="6.519" classname="com.crm.qa.testcases.LoginPageTest"/>
  <testcase name="signupLinkTest" time="8.593" classname="com.crm.qa.testcases.LoginPageTest"/>
  <testcase name="loginTest" time="12.502" classname="com.crm.qa.testcases.LoginPageTest"/>
  <testcase name="loginFirstBtnTest" time="10.353" classname="com.crm.qa.testcases.LoginPageTest"/>
</testsuite>
