<?xml version="1.0" encoding="UTF-8"?>
<!-- Generated by org.testng.reporters.JUnitReportReporter -->
<testsuite hostname="hp-PC" name="com.crm.qa.testcases.HomePageTest" tests="4" failures="0" timestamp="13 Jul 2019 08:59:26 GMT" time="10.431" errors="0">
  <testcase name="verifyHomePageTitleTest" time="0.011" classname="com.crm.qa.testcases.HomePageTest"/>
  <testcase name="verifyContactLinkTest" time="3.311" classname="com.crm.qa.testcases.HomePageTest"/>
  <testcase name="verifySettingTab" time="3.747" classname="com.crm.qa.testcases.HomePageTest"/>
  <testcase name="validateUserNameOnHomePage" time="3.362" classname="com.crm.qa.testcases.HomePageTest"/>
</testsuite>
