<?xml version="1.0" encoding="UTF-8"?>
<!-- Generated by org.testng.reporters.JUnitReportReporter -->
<testsuite hostname="hp-PC" name="com.crm.qa.testcases.ContactPageTest" tests="8" failures="0" timestamp="13 Jul 2019 08:59:25 GMT" time="26.916" errors="0">
  <testcase name="clickAndAlertTest" time="4.539" classname="com.crm.qa.testcases.ContactPageTest"/>
  <testcase name="clickNewTest" time="0.747" classname="com.crm.qa.testcases.ContactPageTest"/>
  <testcase name="newContactTest" time="3.989" classname="com.crm.qa.testcases.ContactPageTest"/>
  <testcase name="newContactTest" time="4.144" classname="com.crm.qa.testcases.ContactPageTest"/>
  <testcase name="newContactTest" time="4.319" classname="com.crm.qa.testcases.ContactPageTest"/>
  <testcase name="newContactTest" time="4.512" classname="com.crm.qa.testcases.ContactPageTest"/>
  <testcase name="clickLogoutTest" time="0.844" classname="com.crm.qa.testcases.ContactPageTest"/>
  <testcase name="newContactTest" time="3.822" classname="com.crm.qa.testcases.ContactPageTest"/>
</testsuite>
